discover_other_daemon: 1discover_other_daemon: 1discover_other_daemon: 1[cinnamon-settings-daemon-smartcard] Failed to start: no suitable smartcard driver could be found
[cinnamon-settings-daemon-smartcard] Failed to start: no suitable smartcard driver could be found
mutter-Message: 20:48:00.060: Enabling experimental feature 'x11-randr-fractional-scaling'
Gjs-Message: 20:48:00.496: JS LOG: About to start Cinnamon
Gjs-Message: 20:48:00.700: JS LOG: [LookingGlass/info] Cinnamon.AppSystem.get_default() started in 202 ms
Gjs-Message: 20:48:00.703: JS LOG: [LookingGlass/info] loading default theme

(cinnamon:1047): Gjs-WARNING **: 20:48:00.730: Some code accessed the property 'UiActor' on the module 'layout'. That property was defined with 'let' or 'const' inside the module. This was previously supported, but is not correct according to the ES6 standard. Any symbols to be exported from a module must be defined with 'var'. The property access will work as previously for the time being, but please fix your code anyway.
Gjs-Message: 20:48:00.876: JS LOG: [LookingGlass/info] loaded at Sun Dec 04 2022 20:48:00 GMT+0000 (Coordinated Universal Time)
Gjs-Message: 20:48:00.876: JS LOG: Cinnamon started at Sun Dec 04 2022 20:48:00 GMT+0000 (Coordinated Universal Time)
Gjs-Message: 20:48:00.876: JS LOG: GPU offload supported: false
Gjs-Message: 20:48:00.881: JS LOG: [LookingGlass/info] ExtensionSystem started in 0 ms
Gjs-Message: 20:48:00.881: JS LOG: [LookingGlass/info] DeskletManager started in 0 ms
Gjs-Message: 20:48:00.881: JS LOG: [LookingGlass/info] SearchProviderManager started in 0 ms
vmware-user: could not open /proc/fs/vmblock/dev

** (nemo-desktop:1097): WARNING **: 20:48:01.370: Current gtk theme is not known to have nemo support (Adwaita) - checking...

** (nemo-desktop:1097): WARNING **: 20:48:01.427: The theme appears to have no nemo support.  Adding some...
** Message: 20:48:01.650: nemo-desktop: session is cinnamon, establishing proxy
Gjs-Message: 20:48:01.938: JS LOG: [LookingGlass/info] Loaded applet separator@cinnamon.org in 742 ms
Gjs-Message: 20:48:01.950: JS LOG: [LookingGlass/info] Installing settings for favorites@cinnamon.org
Gjs-Message: 20:48:01.950: JS LOG: [LookingGlass/info] Settings successfully installed for favorites@cinnamon.org
Gjs-Message: 20:48:01.953: JS LOG: [LookingGlass/info] Loaded applet favorites@cinnamon.org in 15 ms
Gjs-Message: 20:48:01.955: JS LOG: [LookingGlass/info] Installing settings for cornerbar@cinnamon.org
Gjs-Message: 20:48:01.955: JS LOG: [LookingGlass/info] Settings successfully installed for cornerbar@cinnamon.org
Gjs-Message: 20:48:01.978: JS LOG: [LookingGlass/info] Loaded applet cornerbar@cinnamon.org in 25 ms
Gjs-Message: 20:48:01.991: JS LOG: [LookingGlass/info] Loaded applet removable-drives@cinnamon.org in 13 ms
Gjs-Message: 20:48:02.003: JS LOG: [LookingGlass/info] Role locked: tray
Gjs-Message: 20:48:02.009: JS LOG: [LookingGlass/info] Loaded applet systray@cinnamon.org in 18 ms
Gjs-Message: 20:48:02.011: JS LOG: [LookingGlass/info] Installing settings for notifications@cinnamon.org
Gjs-Message: 20:48:02.011: JS LOG: [LookingGlass/info] Settings successfully installed for notifications@cinnamon.org
Gjs-Message: 20:48:02.015: JS LOG: [LookingGlass/info] Role locked: notifications
Gjs-Message: 20:48:02.023: JS LOG: [LookingGlass/info] Loaded applet notifications@cinnamon.org in 14 ms
Gjs-Message: 20:48:02.049: JS LOG: [LookingGlass/info] Loaded applet keyboard@cinnamon.org in 26 ms
Gjs-Message: 20:48:02.051: JS LOG: [LookingGlass/info] Installing settings for calendar@cinnamon.org
Gjs-Message: 20:48:02.051: JS LOG: [LookingGlass/info] Settings successfully installed for calendar@cinnamon.org
Gjs-Message: 20:48:02.145: JS LOG: [LookingGlass/info] Loaded applet calendar@cinnamon.org in 96 ms
Gjs-Message: 20:48:02.155: JS LOG: [LookingGlass/info] Installing settings for printers@cinnamon.org
Gjs-Message: 20:48:02.155: JS LOG: [LookingGlass/info] Settings successfully installed for printers@cinnamon.org
Gjs-Message: 20:48:02.182: JS LOG: [LookingGlass/info] Loaded applet printers@cinnamon.org in 37 ms
Gjs-Message: 20:48:02.204: JS LOG: [LookingGlass/info] Loaded applet xapp-status@cinnamon.org in 22 ms
Gjs-Message: 20:48:02.291: JS LOG: [LookingGlass/info] Installing settings for power@cinnamon.org
Gjs-Message: 20:48:02.291: JS LOG: [LookingGlass/info] Settings successfully installed for power@cinnamon.org
Gjs-Message: 20:48:02.296: JS LOG: [LookingGlass/info] Loaded applet power@cinnamon.org in 92 ms
Gjs-Message: 20:48:02.299: JS LOG: [LookingGlass/info] Installing settings for grouped-window-list@cinnamon.org
Gjs-Message: 20:48:02.299: JS LOG: [LookingGlass/info] Settings successfully installed for grouped-window-list@cinnamon.org
Gjs-Message: 20:48:02.305: JS LOG: [LookingGlass/info] Role locked: panellauncher
Gjs-Message: 20:48:02.305: JS LOG: [LookingGlass/info] Role locked: windowattentionhandler
Gjs-Message: 20:48:02.307: JS LOG: [LookingGlass/info] Loaded applet grouped-window-list@cinnamon.org in 11 ms
Gjs-Message: 20:48:02.314: JS LOG: [LookingGlass/info] Adding systray: pamac-tray (16x16px)
Gjs-Message: 20:48:02.315: JS LOG: [LookingGlass/info] Adding systray: network (16x16px)
Gjs-Message: 20:48:02.387: JS LOG: [LookingGlass/info] Installing settings for sound@cinnamon.org
Gjs-Message: 20:48:02.387: JS LOG: [LookingGlass/info] Settings successfully installed for sound@cinnamon.org
Gjs-Message: 20:48:02.392: JS LOG: [LookingGlass/info] Adding systray: pamac-tray (16x16px)

** (csd-power:707): CRITICAL **: 20:48:02.392: abs_to_percentage: assertion 'max > min' failed
Gjs-Message: 20:48:02.392: JS LOG: [LookingGlass/info] Adding systray: network (16x16px)
Gjs-Message: 20:48:02.392: JS LOG: [LookingGlass/info] Adding systray: pamac-tray (16x16px)
Gjs-Message: 20:48:02.393: JS LOG: [LookingGlass/info] Adding systray: network (16x16px)
Gjs-Message: 20:48:02.393: JS LOG: [LookingGlass/info] Adding systray: pamac-tray (16x16px)
Gjs-Message: 20:48:02.393: JS LOG: [LookingGlass/info] Adding systray: network (16x16px)
Gjs-Message: 20:48:02.393: JS LOG: [LookingGlass/info] Adding systray: pamac-tray (16x16px)
Gjs-Message: 20:48:02.394: JS LOG: [LookingGlass/info] Adding systray: network (16x16px)
Gjs-Message: 20:48:02.394: JS LOG: [LookingGlass/info] Adding systray: pamac-tray (16x16px)
Gjs-Message: 20:48:02.394: JS LOG: [LookingGlass/info] Adding systray: network (16x16px)
Gjs-Message: 20:48:02.394: JS LOG: [LookingGlass/info] Adding systray: pamac-tray (16x16px)
Gjs-Message: 20:48:02.395: JS LOG: [LookingGlass/info] Adding systray: network (16x16px)
Gjs-Message: 20:48:02.395: JS LOG: [LookingGlass/info] Adding systray: pamac-tray (16x16px)
Gjs-Message: 20:48:02.395: JS LOG: [LookingGlass/info] Adding systray: network (16x16px)
Gjs-Message: 20:48:02.395: JS LOG: [LookingGlass/info] Adding systray: pamac-tray (16x16px)
Gjs-Message: 20:48:02.395: JS LOG: [LookingGlass/info] Adding systray: network (16x16px)
Gjs-Message: 20:48:02.396: JS LOG: [LookingGlass/info] Adding systray: pamac-tray (16x16px)
Gjs-Message: 20:48:02.396: JS LOG: [LookingGlass/info] Adding systray: network (16x16px)
Gjs-Message: 20:48:02.396: JS LOG: [LookingGlass/info] Adding systray: pamac-tray (16x16px)
Gjs-Message: 20:48:02.396: JS LOG: [LookingGlass/info] Adding systray: network (16x16px)
Gjs-Message: 20:48:02.397: JS LOG: [LookingGlass/info] Adding systray: pamac-tray (16x16px)
Gjs-Message: 20:48:02.397: JS LOG: [LookingGlass/info] Adding systray: network (16x16px)
Gjs-Message: 20:48:02.397: JS LOG: [LookingGlass/info] Adding systray: pamac-tray (16x16px)
Gjs-Message: 20:48:02.397: JS LOG: [LookingGlass/info] Adding systray: network (16x16px)
Gjs-Message: 20:48:02.398: JS LOG: [LookingGlass/info] Adding systray: pamac-tray (16x16px)
Gjs-Message: 20:48:02.398: JS LOG: [LookingGlass/info] Adding systray: network (16x16px)
Gjs-Message: 20:48:02.398: JS LOG: [LookingGlass/info] Adding systray: pamac-tray (16x16px)
Gjs-Message: 20:48:02.398: JS LOG: [LookingGlass/info] Adding systray: network (16x16px)
Gjs-Message: 20:48:02.398: JS LOG: [LookingGlass/info] Adding systray: pamac-tray (16x16px)
Gjs-Message: 20:48:02.399: JS LOG: [LookingGlass/info] Adding systray: network (16x16px)
Gjs-Message: 20:48:02.399: JS LOG: [LookingGlass/info] Adding systray: pamac-tray (16x16px)
Gjs-Message: 20:48:02.399: JS LOG: [LookingGlass/info] Adding systray: network (16x16px)
Gjs-Message: 20:48:02.399: JS LOG: [LookingGlass/info] Adding systray: pamac-tray (16x16px)
Gjs-Message: 20:48:02.400: JS LOG: [LookingGlass/info] Adding systray: network (16x16px)
Gjs-Message: 20:48:02.400: JS LOG: [LookingGlass/info] Adding systray: pamac-tray (16x16px)
Gjs-Message: 20:48:02.401: JS LOG: [LookingGlass/info] Adding systray: network (16x16px)
Gjs-Message: 20:48:02.401: JS LOG: [LookingGlass/info] Adding systray: pamac-tray (16x16px)
Gjs-Message: 20:48:02.401: JS LOG: [LookingGlass/info] Adding systray: network (16x16px)
Gjs-Message: 20:48:02.431: JS LOG: [LookingGlass/info] Loaded applet sound@cinnamon.org in 124 ms
Gjs-Message: 20:48:02.610: JS LOG: calendar@cinnamon.org: Calendar events supported.
Gjs-Message: 20:48:02.707: JS LOG: [LookingGlass/info] Adding systray: pamac-tray (16x16px)
Gjs-Message: 20:48:02.707: JS LOG: [LookingGlass/info] Hiding systray: network
Gjs-Message: 20:48:02.707: JS LOG: [LookingGlass/info] Adding systray: pamac-tray (16x16px)
Gjs-Message: 20:48:02.708: JS LOG: [LookingGlass/info] Hiding systray: network
Gjs-Message: 20:48:02.709: JS LOG: [LookingGlass/info] Installing settings for network@cinnamon.org
Gjs-Message: 20:48:02.709: JS LOG: [LookingGlass/info] Settings successfully installed for network@cinnamon.org
Gjs-Message: 20:48:02.712: JS LOG: [LookingGlass/info] Loaded applet network@cinnamon.org in 280 ms
cinnamon-session[537]: WARNING: t+8.00226s: Detected that screensaver has appeared on the bus
Gjs-Message: 20:48:02.901: JS LOG: [LookingGlass/info] Installing settings for menu@cinnamon.org
Gjs-Message: 20:48:02.901: JS LOG: [LookingGlass/info] Settings successfully installed for menu@cinnamon.org
Gjs-Message: 20:48:02.999: JS LOG: [LookingGlass/info] Loaded applet menu@cinnamon.org in 287 ms
Gjs-Message: 20:48:02.999: JS LOG: [LookingGlass/info] AppletManager started in 2123 ms
Gjs-Message: 20:48:03.000: JS LOG: [LookingGlass/info] Cinnamon took 2504 ms to start
Gjs-Message: 20:48:03.048: JS LOG: Unknown network device type, is 14
blueman-applet 20.48.03 WARNING  PluginManager:151 __load_plugin: Not loading DhcpClient because its conflict has higher priority
blueman-applet 20.48.03 WARNING  PluginManager:151 __load_plugin: Not loading PPPSupport because its conflict has higher priority

(pamac-tray:1088): Gdk-CRITICAL **: 20:48:03.744: gdk_window_thaw_toplevel_updates: assertion 'window->update_and_descendants_freeze_count > 0' failed
Gjs-Message: 20:48:05.142: JS LOG: Enabling WindowAttentionHandler
** Message: 20:48:09.652: updates_checker.vala:71: check updates
blueman-applet 20.48.22 WARNING  DiscvManager:119 update_menuitems: warning: Adapter is None
cinnamon-session[537]: WARNING: t+38.13239s: Detected that screensaver has left the bus
** Message: 20:48:43.771: updates_checker.vala:71: check updates
** Message: 20:48:45.934: updates_checker.vala:101: 8 updates found
** Message: 20:48:45.934: updates_checker.vala:101: 8 updates found

(cinnamon:1047): Gjs-CRITICAL **: 20:51:10.068: Object Cinnamon.GenericContainer (0x557e36045770), has been already disposed — impossible to access it. This might be caused by the object having been destroyed from C code using something such as destroy(), dispose(), or remove() vfuncs.
== Stack trace for context 0x557e34413200 ==
#0   557e362a66e8 i   /usr/share/cinnamon/js/misc/fileUtils.js line 211 > Function:198 (33c97f6737e0 @ 597)
#1   557e362a6648 i   /usr/share/cinnamon/js/misc/fileUtils.js line 211 > Function:156 (33c97f673830 @ 96)
#2   7ffcb5a6afd0 b   resource:///org/gnome/gjs/modules/core/_signals.js:114 (2d7429d6ab0 @ 439)
#3   557e362a65a8 i   /usr/share/cinnamon/js/ui/messageTray.js:603 (3991fe062880 @ 113)
#4   557e362a6520 i   /usr/share/cinnamon/js/ui/messageTray.js:268 (3991fe062e20 @ 12)
#5   7ffcb5a6dfe0 b   /usr/share/cinnamon/js/ui/environment.js:293 (2d7429afec0 @ 42)
#6   557e362a6488 i   /usr/share/cinnamon/js/ui/popupMenu.js:2165 (3991fe03a330 @ 57)
#7   557e362a63d8 i   /usr/share/cinnamon/js/misc/fileUtils.js line 211 > Function:254 (33c97f673650 @ 54)
#8   557e362a6338 i   /usr/share/cinnamon/js/ui/applet.js:459 (3991fe00a560 @ 51)
#9   557e362a6278 i   /usr/share/cinnamon/js/ui/appletManager.js:743 (3991fe000ab0 @ 185)
#10   557e362a6160 i   /usr/share/cinnamon/js/ui/panel.js:914 (3991fe0195b0 @ 615)
#11   7ffcb5a6ea00 b   self-hosted:844 (2d7429af9c0 @ 454)
#12   7ffcb5a70140 b   resource:///org/gnome/gjs/modules/core/overrides/Gio.js:528 (2d7429d16a0 @ 169)
#13   557e362a60b8 i   /usr/share/cinnamon/js/ui/panel.js:327 (3991fe019c40 @ 57)
#14   557e362a5ff8 i   /usr/share/cinnamon/js/ui/panel.js:694 (3991fe019880 @ 501)
#15   7ffcb5a70b70 b   self-hosted:844 (2d7429af9c0 @ 454)
#16   557e362a5f58 i   /usr/share/cinnamon/js/ui/panel.js:1286 (3991fe0191a0 @ 35)
#17   7ffcb5a715a0 b   self-hosted:844 (2d7429af9c0 @ 454)

(cinnamon:1047): Gjs-CRITICAL **: 20:51:10.068: Object St.Label (0x557e35ef22e0), has been already disposed — impossible to access it. This might be caused by the object having been destroyed from C code using something such as destroy(), dispose(), or remove() vfuncs.
== Stack trace for context 0x557e34413200 ==
#0   557e362a66e8 i   /usr/share/cinnamon/js/misc/fileUtils.js line 211 > Function:208 (33c97f6737e0 @ 750)
#1   557e362a6648 i   /usr/share/cinnamon/js/misc/fileUtils.js line 211 > Function:156 (33c97f673830 @ 96)
#2   7ffcb5a6afd0 b   resource:///org/gnome/gjs/modules/core/_signals.js:114 (2d7429d6ab0 @ 439)
#3   557e362a65a8 i   /usr/share/cinnamon/js/ui/messageTray.js:603 (3991fe062880 @ 113)
#4   557e362a6520 i   /usr/share/cinnamon/js/ui/messageTray.js:268 (3991fe062e20 @ 12)
#5   7ffcb5a6dfe0 b   /usr/share/cinnamon/js/ui/environment.js:293 (2d7429afec0 @ 42)
#6   557e362a6488 i   /usr/share/cinnamon/js/ui/popupMenu.js:2165 (3991fe03a330 @ 57)
#7   557e362a63d8 i   /usr/share/cinnamon/js/misc/fileUtils.js line 211 > Function:254 (33c97f673650 @ 54)
#8   557e362a6338 i   /usr/share/cinnamon/js/ui/applet.js:459 (3991fe00a560 @ 51)
#9   557e362a6278 i   /usr/share/cinnamon/js/ui/appletManager.js:743 (3991fe000ab0 @ 185)
#10   557e362a6160 i   /usr/share/cinnamon/js/ui/panel.js:914 (3991fe0195b0 @ 615)
#11   7ffcb5a6ea00 b   self-hosted:844 (2d7429af9c0 @ 454)
#12   7ffcb5a70140 b   resource:///org/gnome/gjs/modules/core/overrides/Gio.js:528 (2d7429d16a0 @ 169)
#13   557e362a60b8 i   /usr/share/cinnamon/js/ui/panel.js:327 (3991fe019c40 @ 57)
#14   557e362a5ff8 i   /usr/share/cinnamon/js/ui/panel.js:694 (3991fe019880 @ 501)
#15   7ffcb5a70b70 b   self-hosted:844 (2d7429af9c0 @ 454)
#16   557e362a5f58 i   /usr/share/cinnamon/js/ui/panel.js:1286 (3991fe0191a0 @ 35)
#17   7ffcb5a715a0 b   self-hosted:844 (2d7429af9c0 @ 454)
Cinnamon WARNING: Possible orphan label being accessed via st_label_set_text().  Check your timers and handlers!
Address: 0x557e35ef22e0  Text: No notifications

(cinnamon:1047): Gjs-CRITICAL **: 20:51:10.071: Object St.Bin (0x557e3603d490), has been already disposed — impossible to access it. This might be caused by the object having been destroyed from C code using something such as destroy(), dispose(), or remove() vfuncs.
== Stack trace for context 0x557e34413200 ==
#0   557e362a6598 i   /usr/share/cinnamon/js/ui/popupMenu.js:2245 (3991fe03a240 @ 342)
#1   557e362a6508 i   /usr/share/cinnamon/js/ui/popupMenu.js:2257 (3991fe03a1f0 @ 30)
#2   557e362a6470 i   /usr/share/cinnamon/js/ui/popupMenu.js:2226 (3991fe03a290 @ 20)
#3   557e362a63d8 i   /usr/share/cinnamon/js/ui/applet.js:92 (3991fe00aec0 @ 20)
#4   7ffcb5a6ded0 b   self-hosted:844 (2d7429af9c0 @ 454)
#5   7ffcb5a6dfd0 b   resource:///org/gnome/gjs/modules/core/_signals.js:114 (2d7429d6ab0 @ 439)
#6   557e362a6338 i   /usr/share/cinnamon/js/ui/applet.js:460 (3991fe00a560 @ 74)
#7   557e362a6278 i   /usr/share/cinnamon/js/ui/appletManager.js:743 (3991fe000ab0 @ 185)
#8   557e362a6160 i   /usr/share/cinnamon/js/ui/panel.js:914 (3991fe0195b0 @ 615)
#9   7ffcb5a6ea00 b   self-hosted:844 (2d7429af9c0 @ 454)
#10   7ffcb5a70140 b   resource:///org/gnome/gjs/modules/core/overrides/Gio.js:528 (2d7429d16a0 @ 169)
#11   557e362a60b8 i   /usr/share/cinnamon/js/ui/panel.js:327 (3991fe019c40 @ 57)
#12   557e362a5ff8 i   /usr/share/cinnamon/js/ui/panel.js:694 (3991fe019880 @ 501)
#13   7ffcb5a70b70 b   self-hosted:844 (2d7429af9c0 @ 454)
#14   557e362a5f58 i   /usr/share/cinnamon/js/ui/panel.js:1286 (3991fe0191a0 @ 35)
#15   7ffcb5a715a0 b   self-hosted:844 (2d7429af9c0 @ 454)
** Message: 20:52:22.350: updates_checker.vala:71: check updates
** Message: 20:52:24.568: updates_checker.vala:101: 8 updates found
Gjs-Message: 20:52:48.065: JS LOG: [LookingGlass/info] loading user theme: /usr/share/themes/Aritim-Dark/cinnamon/cinnamon.css
Gjs-Message: 20:52:48.087: JS LOG: [LookingGlass/info] added icon directory: /usr/share/themes/Aritim-Dark/cinnamon
Window manager warning: WM_TRANSIENT_FOR window 0x2e000ff for 0x2e00134 window override-redirect is an override-redirect window and this is not correct according to the standard, so we'll fallback to the first non-override-redirect window 0x2e00028.
/usr/share/cinnamon/cinnamon-settings/cinnamon-settings.py:442: DeprecationWarning: Gtk.Window.set_wmclass is deprecated
  self.window.set_wmclass(wm_class, wm_class)
Gjs-Message: 20:56:33.057: JS LOG: [LookingGlass/info] Adding systray: pamac-tray (24x24px)
Gjs-Message: 20:56:33.058: JS LOG: [LookingGlass/info] Hiding systray: network
Gjs-Message: 20:56:36.978: JS LOG: [LookingGlass/info] Reloading applet: calendar@cinnamon.org/13
Gjs-Message: 20:56:37.001: JS LOG: calendar@cinnamon.org: Calendar events supported.
Gjs-Message: 20:57:05.237: JS LOG: [LookingGlass/info] Reloading applet: systray@cinnamon.org/3
Gjs-Message: 20:57:05.238: JS LOG: [LookingGlass/info] Reloading applet: xapp-status@cinnamon.org/4
Gjs-Message: 20:57:05.239: JS LOG: [LookingGlass/info] Reloading applet: notifications@cinnamon.org/5
Gjs-Message: 20:57:05.239: JS LOG: [LookingGlass/info] Reloading applet: printers@cinnamon.org/6
Gjs-Message: 20:57:05.240: JS LOG: [LookingGlass/info] Reloading applet: removable-drives@cinnamon.org/7
Gjs-Message: 20:57:05.240: JS LOG: [LookingGlass/info] Reloading applet: keyboard@cinnamon.org/8
Gjs-Message: 20:57:05.241: JS LOG: [LookingGlass/info] Reloading applet: favorites@cinnamon.org/9
Gjs-Message: 20:57:05.241: JS LOG: [LookingGlass/info] Reloading applet: network@cinnamon.org/10
Gjs-Message: 20:57:05.242: JS LOG: [LookingGlass/info] Reloading applet: sound@cinnamon.org/11
Gjs-Message: 20:57:05.242: JS LOG: [LookingGlass/info] Reloading applet: power@cinnamon.org/12
Gjs-Message: 20:57:05.243: JS LOG: [LookingGlass/info] Reloading applet: cornerbar@cinnamon.org/14
Gjs-Message: 20:57:05.247: JS LOG: [LookingGlass/info] Adding systray: pamac-tray (24x24px)
Gjs-Message: 20:57:05.247: JS LOG: [LookingGlass/info] Adding systray: network (16x16px)
Gjs-Message: 20:57:05.272: JS LOG: [LookingGlass/info] Adding systray: pamac-tray (24x24px)
Gjs-Message: 20:57:05.273: JS LOG: [LookingGlass/info] Adding systray: network (16x16px)
Gjs-Message: 20:57:05.281: JS LOG: [LookingGlass/info] Adding systray: pamac-tray (24x24px)
Gjs-Message: 20:57:05.281: JS LOG: [LookingGlass/info] Hiding systray: network
Gjs-Message: 20:57:05.282: JS LOG: [LookingGlass/info] Adding systray: pamac-tray (24x24px)
Gjs-Message: 20:57:05.282: JS LOG: [LookingGlass/info] Hiding systray: network
Gjs-Message: 20:57:05.286: JS LOG: [LookingGlass/info] Adding systray: pamac-tray (24x24px)
Gjs-Message: 20:57:05.286: JS LOG: [LookingGlass/info] Hiding systray: network
Gjs-Message: 20:57:05.287: JS LOG: [LookingGlass/info] Adding systray: pamac-tray (24x24px)
Gjs-Message: 20:57:05.287: JS LOG: [LookingGlass/info] Hiding systray: network
Gjs-Message: 20:57:05.287: JS LOG: [LookingGlass/info] Adding systray: pamac-tray (24x24px)
Gjs-Message: 20:57:05.287: JS LOG: [LookingGlass/info] Hiding systray: network
Gjs-Message: 20:57:05.288: JS LOG: [LookingGlass/info] Adding systray: pamac-tray (24x24px)
Gjs-Message: 20:57:05.288: JS LOG: [LookingGlass/info] Hiding systray: network
Gjs-Message: 20:57:05.288: JS LOG: [LookingGlass/info] Adding systray: pamac-tray (24x24px)
Gjs-Message: 20:57:05.288: JS LOG: [LookingGlass/info] Hiding systray: network
Gjs-Message: 20:57:05.289: JS LOG: [LookingGlass/info] Adding systray: pamac-tray (24x24px)
Gjs-Message: 20:57:05.289: JS LOG: [LookingGlass/info] Hiding systray: network
Gjs-Message: 20:57:05.289: JS LOG: [LookingGlass/info] Adding systray: pamac-tray (24x24px)
Gjs-Message: 20:57:05.290: JS LOG: [LookingGlass/info] Hiding systray: network
Gjs-Message: 20:57:05.290: JS LOG: [LookingGlass/info] Adding systray: pamac-tray (24x24px)
Gjs-Message: 20:57:05.290: JS LOG: [LookingGlass/info] Hiding systray: network
Gjs-Message: 20:57:05.290: JS LOG: [LookingGlass/info] Adding systray: pamac-tray (24x24px)
Gjs-Message: 20:57:05.291: JS LOG: [LookingGlass/info] Hiding systray: network
Gjs-Message: 20:57:05.291: JS LOG: [LookingGlass/info] Adding systray: pamac-tray (24x24px)
Gjs-Message: 20:57:05.291: JS LOG: [LookingGlass/info] Hiding systray: network
Gjs-Message: 20:57:05.291: JS LOG: [LookingGlass/info] Adding systray: pamac-tray (24x24px)
Gjs-Message: 20:57:05.292: JS LOG: [LookingGlass/info] Hiding systray: network
Gjs-Message: 20:57:05.292: JS LOG: [LookingGlass/info] Adding systray: pamac-tray (24x24px)
Gjs-Message: 20:57:05.292: JS LOG: [LookingGlass/info] Hiding systray: network
Gjs-Message: 20:57:05.292: JS LOG: [LookingGlass/info] Adding systray: pamac-tray (24x24px)
Gjs-Message: 20:57:05.293: JS LOG: [LookingGlass/info] Hiding systray: network
Gjs-Message: 20:57:05.293: JS LOG: [LookingGlass/info] Adding systray: pamac-tray (24x24px)
Gjs-Message: 20:57:05.293: JS LOG: [LookingGlass/info] Hiding systray: network
Gjs-Message: 20:57:05.293: JS LOG: [LookingGlass/info] Adding systray: pamac-tray (24x24px)
Gjs-Message: 20:57:05.294: JS LOG: [LookingGlass/info] Hiding systray: network
Gjs-Message: 20:57:05.294: JS LOG: [LookingGlass/info] Adding systray: pamac-tray (24x24px)
Gjs-Message: 20:57:05.294: JS LOG: [LookingGlass/info] Hiding systray: network
Gjs-Message: 20:57:05.295: JS LOG: [LookingGlass/info] Adding systray: pamac-tray (24x24px)
Gjs-Message: 20:57:05.295: JS LOG: [LookingGlass/info] Hiding systray: network
Gjs-Message: 20:57:05.295: JS LOG: [LookingGlass/info] Adding systray: pamac-tray (24x24px)
Gjs-Message: 20:57:05.296: JS LOG: [LookingGlass/info] Hiding systray: network
Gjs-Message: 20:57:05.296: JS LOG: [LookingGlass/info] Adding systray: pamac-tray (24x24px)
Gjs-Message: 20:57:05.296: JS LOG: [LookingGlass/info] Hiding systray: network
Gjs-Message: 20:57:05.308: JS LOG: [LookingGlass/info] Adding systray: pamac-tray (24x24px)
Gjs-Message: 20:57:05.308: JS LOG: [LookingGlass/info] Hiding systray: network
Gjs-Message: 20:57:05.309: JS LOG: [LookingGlass/info] Adding systray: pamac-tray (24x24px)
Gjs-Message: 20:57:05.309: JS LOG: [LookingGlass/info] Hiding systray: network
Gjs-Message: 20:57:05.336: JS LOG: Unknown network device type, is 14

** (csd-power:707): CRITICAL **: 20:57:05.349: abs_to_percentage: assertion 'max > min' failed
Gjs-Message: 20:57:05.393: JS LOG: [LookingGlass/info] Installing settings for show-desktop@cinnamon.org
Gjs-Message: 20:57:05.393: JS LOG: [LookingGlass/info] Settings successfully installed for show-desktop@cinnamon.org
Gjs-Message: 20:57:05.398: JS LOG: [LookingGlass/info] Loaded applet show-desktop@cinnamon.org in 56 ms
Gjs-Message: 20:57:18.341: JS LOG: [LookingGlass/info] Reloading applet: systray@cinnamon.org/3
Gjs-Message: 20:57:18.342: JS LOG: [LookingGlass/info] Reloading applet: xapp-status@cinnamon.org/4
Gjs-Message: 20:57:18.342: JS LOG: [LookingGlass/info] Reloading applet: notifications@cinnamon.org/5
Gjs-Message: 20:57:18.343: JS LOG: [LookingGlass/info] Reloading applet: printers@cinnamon.org/6
Gjs-Message: 20:57:18.343: JS LOG: [LookingGlass/info] Reloading applet: removable-drives@cinnamon.org/7
Gjs-Message: 20:57:18.343: JS LOG: [LookingGlass/info] Reloading applet: keyboard@cinnamon.org/8
Gjs-Message: 20:57:18.344: JS LOG: [LookingGlass/info] Reloading applet: favorites@cinnamon.org/9
Gjs-Message: 20:57:18.344: JS LOG: [LookingGlass/info] Reloading applet: network@cinnamon.org/10
Gjs-Message: 20:57:18.344: JS LOG: [LookingGlass/info] Reloading applet: sound@cinnamon.org/11
Gjs-Message: 20:57:18.345: JS LOG: [LookingGlass/info] Reloading applet: power@cinnamon.org/12
Gjs-Message: 20:57:18.345: JS LOG: [LookingGlass/info] Reloading applet: cornerbar@cinnamon.org/14
Gjs-Message: 20:57:18.346: JS LOG: [LookingGlass/info] Reloading applet: show-desktop@cinnamon.org/15
Gjs-Message: 20:57:18.351: JS LOG: [LookingGlass/info] Adding systray: pamac-tray (24x24px)
Gjs-Message: 20:57:18.352: JS LOG: [LookingGlass/info] Adding systray: network (16x16px)
Gjs-Message: 20:57:18.383: JS LOG: [LookingGlass/info] Adding systray: pamac-tray (24x24px)
Gjs-Message: 20:57:18.384: JS LOG: [LookingGlass/info] Adding systray: network (16x16px)
Gjs-Message: 20:57:18.393: JS LOG: [LookingGlass/info] Adding systray: pamac-tray (24x24px)
Gjs-Message: 20:57:18.394: JS LOG: [LookingGlass/info] Hiding systray: network
Gjs-Message: 20:57:18.394: JS LOG: [LookingGlass/info] Adding systray: pamac-tray (24x24px)
Gjs-Message: 20:57:18.394: JS LOG: [LookingGlass/info] Hiding systray: network
Gjs-Message: 20:57:18.399: JS LOG: [LookingGlass/info] Adding systray: pamac-tray (24x24px)
Gjs-Message: 20:57:18.399: JS LOG: [LookingGlass/info] Hiding systray: network
Gjs-Message: 20:57:18.399: JS LOG: [LookingGlass/info] Adding systray: pamac-tray (24x24px)
Gjs-Message: 20:57:18.400: JS LOG: [LookingGlass/info] Hiding systray: network
Gjs-Message: 20:57:18.400: JS LOG: [LookingGlass/info] Adding systray: pamac-tray (24x24px)
Gjs-Message: 20:57:18.400: JS LOG: [LookingGlass/info] Hiding systray: network
Gjs-Message: 20:57:18.400: JS LOG: [LookingGlass/info] Adding systray: pamac-tray (24x24px)
Gjs-Message: 20:57:18.401: JS LOG: [LookingGlass/info] Hiding systray: network
Gjs-Message: 20:57:18.401: JS LOG: [LookingGlass/info] Adding systray: pamac-tray (24x24px)
Gjs-Message: 20:57:18.401: JS LOG: [LookingGlass/info] Hiding systray: network
Gjs-Message: 20:57:18.401: JS LOG: [LookingGlass/info] Adding systray: pamac-tray (24x24px)
Gjs-Message: 20:57:18.402: JS LOG: [LookingGlass/info] Hiding systray: network
Gjs-Message: 20:57:18.402: JS LOG: [LookingGlass/info] Adding systray: pamac-tray (24x24px)
Gjs-Message: 20:57:18.402: JS LOG: [LookingGlass/info] Hiding systray: network
Gjs-Message: 20:57:18.402: JS LOG: [LookingGlass/info] Adding systray: pamac-tray (24x24px)
Gjs-Message: 20:57:18.403: JS LOG: [LookingGlass/info] Hiding systray: network
Gjs-Message: 20:57:18.403: JS LOG: [LookingGlass/info] Adding systray: pamac-tray (24x24px)
Gjs-Message: 20:57:18.403: JS LOG: [LookingGlass/info] Hiding systray: network
Gjs-Message: 20:57:18.403: JS LOG: [LookingGlass/info] Adding systray: pamac-tray (24x24px)
Gjs-Message: 20:57:18.404: JS LOG: [LookingGlass/info] Hiding systray: network
Gjs-Message: 20:57:18.404: JS LOG: [LookingGlass/info] Adding systray: pamac-tray (24x24px)
Gjs-Message: 20:57:18.404: JS LOG: [LookingGlass/info] Hiding systray: network
Gjs-Message: 20:57:18.404: JS LOG: [LookingGlass/info] Adding systray: pamac-tray (24x24px)
Gjs-Message: 20:57:18.405: JS LOG: [LookingGlass/info] Hiding systray: network
Gjs-Message: 20:57:18.405: JS LOG: [LookingGlass/info] Adding systray: pamac-tray (24x24px)
Gjs-Message: 20:57:18.405: JS LOG: [LookingGlass/info] Hiding systray: network
Gjs-Message: 20:57:18.405: JS LOG: [LookingGlass/info] Adding systray: pamac-tray (24x24px)
Gjs-Message: 20:57:18.406: JS LOG: [LookingGlass/info] Hiding systray: network
Gjs-Message: 20:57:18.406: JS LOG: [LookingGlass/info] Adding systray: pamac-tray (24x24px)
Gjs-Message: 20:57:18.406: JS LOG: [LookingGlass/info] Hiding systray: network
Gjs-Message: 20:57:18.406: JS LOG: [LookingGlass/info] Adding systray: pamac-tray (24x24px)
Gjs-Message: 20:57:18.407: JS LOG: [LookingGlass/info] Hiding systray: network
Gjs-Message: 20:57:18.407: JS LOG: [LookingGlass/info] Adding systray: pamac-tray (24x24px)
Gjs-Message: 20:57:18.407: JS LOG: [LookingGlass/info] Hiding systray: network
Gjs-Message: 20:57:18.408: JS LOG: [LookingGlass/info] Adding systray: pamac-tray (24x24px)
Gjs-Message: 20:57:18.408: JS LOG: [LookingGlass/info] Hiding systray: network
Gjs-Message: 20:57:18.408: JS LOG: [LookingGlass/info] Adding systray: pamac-tray (24x24px)
Gjs-Message: 20:57:18.408: JS LOG: [LookingGlass/info] Hiding systray: network
Gjs-Message: 20:57:18.420: JS LOG: [LookingGlass/info] Adding systray: pamac-tray (24x24px)
Gjs-Message: 20:57:18.420: JS LOG: [LookingGlass/info] Hiding systray: network
Gjs-Message: 20:57:18.420: JS LOG: [LookingGlass/info] Adding systray: pamac-tray (24x24px)
Gjs-Message: 20:57:18.421: JS LOG: [LookingGlass/info] Hiding systray: network

** (csd-power:707): CRITICAL **: 20:57:18.443: abs_to_percentage: assertion 'max > min' failed
Gjs-Message: 20:57:18.446: JS LOG: Unknown network device type, is 14
Gjs-Message: 20:57:18.469: JS LOG: [LookingGlass/info] Installing settings for workspace-switcher@cinnamon.org
Gjs-Message: 20:57:18.469: JS LOG: [LookingGlass/info] Settings successfully installed for workspace-switcher@cinnamon.org
Gjs-Message: 20:57:18.472: JS LOG: [LookingGlass/info] Loaded applet workspace-switcher@cinnamon.org in 32 ms
Window manager warning: META_CURRENT_TIME used to choose focus window; focus window may not be correct.
Window manager warning: META_CURRENT_TIME used to choose focus window; focus window may not be correct.
Window manager warning: META_CURRENT_TIME used to choose focus window; focus window may not be correct.
Window manager warning: META_CURRENT_TIME used to choose focus window; focus window may not be correct.
Window manager warning: META_CURRENT_TIME used to choose focus window; focus window may not be correct.
Window manager warning: META_CURRENT_TIME used to choose focus window; focus window may not be correct.
Window manager warning: META_CURRENT_TIME used to choose focus window; focus window may not be correct.
Window manager warning: META_CURRENT_TIME used to choose focus window; focus window may not be correct.
Window manager warning: META_CURRENT_TIME used to choose focus window; focus window may not be correct.
Window manager warning: META_CURRENT_TIME used to choose focus window; focus window may not be correct.
Window manager warning: META_CURRENT_TIME used to choose focus window; focus window may not be correct.
Window manager warning: META_CURRENT_TIME used to choose focus window; focus window may not be correct.
Window manager warning: META_CURRENT_TIME used to choose focus window; focus window may not be correct.
Window manager warning: META_CURRENT_TIME used to choose focus window; focus window may not be correct.
Window manager warning: META_CURRENT_TIME used to choose focus window; focus window may not be correct.
Window manager warning: META_CURRENT_TIME used to choose focus window; focus window may not be correct.
Window manager warning: META_CURRENT_TIME used to choose focus window; focus window may not be correct.
Window manager warning: META_CURRENT_TIME used to choose focus window; focus window may not be correct.
Window manager warning: META_CURRENT_TIME used to choose focus window; focus window may not be correct.
Window manager warning: META_CURRENT_TIME used to choose focus window; focus window may not be correct.
Window manager warning: META_CURRENT_TIME used to choose focus window; focus window may not be correct.
Window manager warning: META_CURRENT_TIME used to choose focus window; focus window may not be correct.
Window manager warning: META_CURRENT_TIME used to choose focus window; focus window may not be correct.
Window manager warning: META_CURRENT_TIME used to choose focus window; focus window may not be correct.
Window manager warning: META_CURRENT_TIME used to choose focus window; focus window may not be correct.
Window manager warning: META_CURRENT_TIME used to choose focus window; focus window may not be correct.
Window manager warning: META_CURRENT_TIME used to choose focus window; focus window may not be correct.
Window manager warning: META_CURRENT_TIME used to choose focus window; focus window may not be correct.
Window manager warning: META_CURRENT_TIME used to choose focus window; focus window may not be correct.
Window manager warning: META_CURRENT_TIME used to choose focus window; focus window may not be correct.
Gjs-Message: 20:57:25.810: JS LOG: [LookingGlass/info] Reloading applet: show-desktop@cinnamon.org/15
Gjs-Message: 20:57:47.615: JS LOG: [LookingGlass/info] Reloading applet: systray@cinnamon.org/3
Gjs-Message: 20:57:47.616: JS LOG: [LookingGlass/info] Reloading applet: xapp-status@cinnamon.org/4
Gjs-Message: 20:57:47.616: JS LOG: [LookingGlass/info] Reloading applet: notifications@cinnamon.org/5
Gjs-Message: 20:57:47.617: JS LOG: [LookingGlass/info] Reloading applet: printers@cinnamon.org/6
Gjs-Message: 20:57:47.617: JS LOG: [LookingGlass/info] Reloading applet: removable-drives@cinnamon.org/7
Gjs-Message: 20:57:47.617: JS LOG: [LookingGlass/info] Reloading applet: keyboard@cinnamon.org/8
Gjs-Message: 20:57:47.617: JS LOG: [LookingGlass/info] Reloading applet: favorites@cinnamon.org/9
Gjs-Message: 20:57:47.618: JS LOG: [LookingGlass/info] Reloading applet: network@cinnamon.org/10
Gjs-Message: 20:57:47.618: JS LOG: [LookingGlass/info] Reloading applet: sound@cinnamon.org/11
Gjs-Message: 20:57:47.618: JS LOG: [LookingGlass/info] Reloading applet: power@cinnamon.org/12
Gjs-Message: 20:57:47.618: JS LOG: [LookingGlass/info] Reloading applet: cornerbar@cinnamon.org/14
Gjs-Message: 20:57:47.619: JS LOG: [LookingGlass/info] Reloading applet: show-desktop@cinnamon.org/15
Gjs-Message: 20:57:47.619: JS LOG: [LookingGlass/info] Reloading applet: workspace-switcher@cinnamon.org/16
Gjs-Message: 20:57:47.623: JS LOG: [LookingGlass/info] Adding systray: pamac-tray (24x24px)
Gjs-Message: 20:57:47.624: JS LOG: [LookingGlass/info] Adding systray: network (16x16px)
Gjs-Message: 20:57:47.654: JS LOG: [LookingGlass/info] Adding systray: pamac-tray (24x24px)
Gjs-Message: 20:57:47.655: JS LOG: [LookingGlass/info] Adding systray: network (16x16px)
Gjs-Message: 20:57:47.667: JS LOG: [LookingGlass/info] Adding systray: pamac-tray (24x24px)
Gjs-Message: 20:57:47.667: JS LOG: [LookingGlass/info] Hiding systray: network
Gjs-Message: 20:57:47.668: JS LOG: [LookingGlass/info] Adding systray: pamac-tray (24x24px)
Gjs-Message: 20:57:47.668: JS LOG: [LookingGlass/info] Hiding systray: network
Gjs-Message: 20:57:47.674: JS LOG: [LookingGlass/info] Adding systray: pamac-tray (24x24px)
Gjs-Message: 20:57:47.675: JS LOG: [LookingGlass/info] Hiding systray: network
Gjs-Message: 20:57:47.675: JS LOG: [LookingGlass/info] Adding systray: pamac-tray (24x24px)
Gjs-Message: 20:57:47.675: JS LOG: [LookingGlass/info] Hiding systray: network
Gjs-Message: 20:57:47.676: JS LOG: [LookingGlass/info] Adding systray: pamac-tray (24x24px)
Gjs-Message: 20:57:47.676: JS LOG: [LookingGlass/info] Hiding systray: network
Gjs-Message: 20:57:47.677: JS LOG: [LookingGlass/info] Adding systray: pamac-tray (24x24px)
Gjs-Message: 20:57:47.677: JS LOG: [LookingGlass/info] Hiding systray: network
Gjs-Message: 20:57:47.678: JS LOG: [LookingGlass/info] Adding systray: pamac-tray (24x24px)
Gjs-Message: 20:57:47.678: JS LOG: [LookingGlass/info] Hiding systray: network
Gjs-Message: 20:57:47.678: JS LOG: [LookingGlass/info] Adding systray: pamac-tray (24x24px)
Gjs-Message: 20:57:47.679: JS LOG: [LookingGlass/info] Hiding systray: network
Gjs-Message: 20:57:47.679: JS LOG: [LookingGlass/info] Adding systray: pamac-tray (24x24px)
Gjs-Message: 20:57:47.679: JS LOG: [LookingGlass/info] Hiding systray: network
Gjs-Message: 20:57:47.680: JS LOG: [LookingGlass/info] Adding systray: pamac-tray (24x24px)
Gjs-Message: 20:57:47.680: JS LOG: [LookingGlass/info] Hiding systray: network
Gjs-Message: 20:57:47.680: JS LOG: [LookingGlass/info] Adding systray: pamac-tray (24x24px)
Gjs-Message: 20:57:47.681: JS LOG: [LookingGlass/info] Hiding systray: network
Gjs-Message: 20:57:47.681: JS LOG: [LookingGlass/info] Adding systray: pamac-tray (24x24px)
Gjs-Message: 20:57:47.681: JS LOG: [LookingGlass/info] Hiding systray: network
Gjs-Message: 20:57:47.682: JS LOG: [LookingGlass/info] Adding systray: pamac-tray (24x24px)
Gjs-Message: 20:57:47.682: JS LOG: [LookingGlass/info] Hiding systray: network
Gjs-Message: 20:57:47.682: JS LOG: [LookingGlass/info] Adding systray: pamac-tray (24x24px)
Gjs-Message: 20:57:47.683: JS LOG: [LookingGlass/info] Hiding systray: network
Gjs-Message: 20:57:47.683: JS LOG: [LookingGlass/info] Adding systray: pamac-tray (24x24px)
Gjs-Message: 20:57:47.683: JS LOG: [LookingGlass/info] Hiding systray: network
Gjs-Message: 20:57:47.684: JS LOG: [LookingGlass/info] Adding systray: pamac-tray (24x24px)
Gjs-Message: 20:57:47.684: JS LOG: [LookingGlass/info] Hiding systray: network
Gjs-Message: 20:57:47.685: JS LOG: [LookingGlass/info] Adding systray: pamac-tray (24x24px)
Gjs-Message: 20:57:47.685: JS LOG: [LookingGlass/info] Hiding systray: network
Gjs-Message: 20:57:47.685: JS LOG: [LookingGlass/info] Adding systray: pamac-tray (24x24px)
Gjs-Message: 20:57:47.686: JS LOG: [LookingGlass/info] Hiding systray: network
Gjs-Message: 20:57:47.686: JS LOG: [LookingGlass/info] Adding systray: pamac-tray (24x24px)
Gjs-Message: 20:57:47.687: JS LOG: [LookingGlass/info] Hiding systray: network
Gjs-Message: 20:57:47.687: JS LOG: [LookingGlass/info] Adding systray: pamac-tray (24x24px)
Gjs-Message: 20:57:47.687: JS LOG: [LookingGlass/info] Hiding systray: network
Gjs-Message: 20:57:47.687: JS LOG: [LookingGlass/info] Adding systray: pamac-tray (24x24px)
Gjs-Message: 20:57:47.688: JS LOG: [LookingGlass/info] Hiding systray: network
Gjs-Message: 20:57:47.700: JS LOG: [LookingGlass/info] Adding systray: pamac-tray (24x24px)
Gjs-Message: 20:57:47.700: JS LOG: [LookingGlass/info] Hiding systray: network
Gjs-Message: 20:57:47.700: JS LOG: [LookingGlass/info] Adding systray: pamac-tray (24x24px)
Gjs-Message: 20:57:47.700: JS LOG: [LookingGlass/info] Hiding systray: network
Gjs-Message: 20:57:47.729: JS LOG: Unknown network device type, is 14

** (csd-power:707): CRITICAL **: 20:57:47.737: abs_to_percentage: assertion 'max > min' failed
Gjs-Message: 20:57:47.743: JS LOG: [LookingGlass/info] Installing settings for user@cinnamon.org
Gjs-Message: 20:57:47.744: JS LOG: [LookingGlass/info] Settings successfully installed for user@cinnamon.org
Gjs-Message: 20:57:47.757: JS LOG: [LookingGlass/info] Loaded applet user@cinnamon.org in 34 ms
Gjs-Message: 20:57:54.954: JS LOG: [LookingGlass/info] Reloading applet: systray@cinnamon.org/3
Gjs-Message: 20:57:54.954: JS LOG: [LookingGlass/info] Reloading applet: xapp-status@cinnamon.org/4
Gjs-Message: 20:57:54.955: JS LOG: [LookingGlass/info] Reloading applet: notifications@cinnamon.org/5
Gjs-Message: 20:57:54.955: JS LOG: [LookingGlass/info] Reloading applet: printers@cinnamon.org/6
Gjs-Message: 20:57:54.955: JS LOG: [LookingGlass/info] Reloading applet: removable-drives@cinnamon.org/7
Gjs-Message: 20:57:54.956: JS LOG: [LookingGlass/info] Reloading applet: keyboard@cinnamon.org/8
Gjs-Message: 20:57:54.956: JS LOG: [LookingGlass/info] Reloading applet: favorites@cinnamon.org/9
Gjs-Message: 20:57:54.956: JS LOG: [LookingGlass/info] Reloading applet: network@cinnamon.org/10
Gjs-Message: 20:57:54.956: JS LOG: [LookingGlass/info] Reloading applet: sound@cinnamon.org/11
Gjs-Message: 20:57:54.956: JS LOG: [LookingGlass/info] Reloading applet: power@cinnamon.org/12
Gjs-Message: 20:57:54.957: JS LOG: [LookingGlass/info] Reloading applet: user@cinnamon.org/17
Gjs-Message: 20:57:54.962: JS LOG: [LookingGlass/info] Adding systray: pamac-tray (24x24px)
Gjs-Message: 20:57:54.962: JS LOG: [LookingGlass/info] Adding systray: network (16x16px)
Gjs-Message: 20:57:54.989: JS LOG: [LookingGlass/info] Adding systray: pamac-tray (24x24px)
Gjs-Message: 20:57:54.989: JS LOG: [LookingGlass/info] Adding systray: network (16x16px)
Gjs-Message: 20:57:54.998: JS LOG: [LookingGlass/info] Adding systray: pamac-tray (24x24px)
Gjs-Message: 20:57:54.999: JS LOG: [LookingGlass/info] Hiding systray: network
Gjs-Message: 20:57:54.999: JS LOG: [LookingGlass/info] Adding systray: pamac-tray (24x24px)
Gjs-Message: 20:57:54.999: JS LOG: [LookingGlass/info] Hiding systray: network
Gjs-Message: 20:57:55.003: JS LOG: [LookingGlass/info] Adding systray: pamac-tray (24x24px)
Gjs-Message: 20:57:55.004: JS LOG: [LookingGlass/info] Hiding systray: network
Gjs-Message: 20:57:55.004: JS LOG: [LookingGlass/info] Adding systray: pamac-tray (24x24px)
Gjs-Message: 20:57:55.004: JS LOG: [LookingGlass/info] Hiding systray: network
Gjs-Message: 20:57:55.004: JS LOG: [LookingGlass/info] Adding systray: pamac-tray (24x24px)
Gjs-Message: 20:57:55.005: JS LOG: [LookingGlass/info] Hiding systray: network
Gjs-Message: 20:57:55.005: JS LOG: [LookingGlass/info] Adding systray: pamac-tray (24x24px)
Gjs-Message: 20:57:55.005: JS LOG: [LookingGlass/info] Hiding systray: network
Gjs-Message: 20:57:55.005: JS LOG: [LookingGlass/info] Adding systray: pamac-tray (24x24px)
Gjs-Message: 20:57:55.006: JS LOG: [LookingGlass/info] Hiding systray: network
Gjs-Message: 20:57:55.006: JS LOG: [LookingGlass/info] Adding systray: pamac-tray (24x24px)
Gjs-Message: 20:57:55.006: JS LOG: [LookingGlass/info] Hiding systray: network
Gjs-Message: 20:57:55.006: JS LOG: [LookingGlass/info] Adding systray: pamac-tray (24x24px)
Gjs-Message: 20:57:55.007: JS LOG: [LookingGlass/info] Hiding systray: network
Gjs-Message: 20:57:55.007: JS LOG: [LookingGlass/info] Adding systray: pamac-tray (24x24px)
Gjs-Message: 20:57:55.007: JS LOG: [LookingGlass/info] Hiding systray: network
Gjs-Message: 20:57:55.008: JS LOG: [LookingGlass/info] Adding systray: pamac-tray (24x24px)
Gjs-Message: 20:57:55.008: JS LOG: [LookingGlass/info] Hiding systray: network
Gjs-Message: 20:57:55.008: JS LOG: [LookingGlass/info] Adding systray: pamac-tray (24x24px)
Gjs-Message: 20:57:55.008: JS LOG: [LookingGlass/info] Hiding systray: network
Gjs-Message: 20:57:55.009: JS LOG: [LookingGlass/info] Adding systray: pamac-tray (24x24px)
Gjs-Message: 20:57:55.009: JS LOG: [LookingGlass/info] Hiding systray: network
Gjs-Message: 20:57:55.009: JS LOG: [LookingGlass/info] Adding systray: pamac-tray (24x24px)
Gjs-Message: 20:57:55.010: JS LOG: [LookingGlass/info] Hiding systray: network
Gjs-Message: 20:57:55.010: JS LOG: [LookingGlass/info] Adding systray: pamac-tray (24x24px)
Gjs-Message: 20:57:55.010: JS LOG: [LookingGlass/info] Hiding systray: network
Gjs-Message: 20:57:55.011: JS LOG: [LookingGlass/info] Adding systray: pamac-tray (24x24px)
Gjs-Message: 20:57:55.011: JS LOG: [LookingGlass/info] Hiding systray: network
Gjs-Message: 20:57:55.011: JS LOG: [LookingGlass/info] Adding systray: pamac-tray (24x24px)
Gjs-Message: 20:57:55.012: JS LOG: [LookingGlass/info] Hiding systray: network
Gjs-Message: 20:57:55.012: JS LOG: [LookingGlass/info] Adding systray: pamac-tray (24x24px)
Gjs-Message: 20:57:55.012: JS LOG: [LookingGlass/info] Hiding systray: network
Gjs-Message: 20:57:55.012: JS LOG: [LookingGlass/info] Adding systray: pamac-tray (24x24px)
Gjs-Message: 20:57:55.013: JS LOG: [LookingGlass/info] Hiding systray: network
Gjs-Message: 20:57:55.013: JS LOG: [LookingGlass/info] Adding systray: pamac-tray (24x24px)
Gjs-Message: 20:57:55.013: JS LOG: [LookingGlass/info] Hiding systray: network
Gjs-Message: 20:57:55.013: JS LOG: [LookingGlass/info] Adding systray: pamac-tray (24x24px)
Gjs-Message: 20:57:55.014: JS LOG: [LookingGlass/info] Hiding systray: network
Gjs-Message: 20:57:55.025: JS LOG: [LookingGlass/info] Adding systray: pamac-tray (24x24px)
Gjs-Message: 20:57:55.025: JS LOG: [LookingGlass/info] Hiding systray: network
Gjs-Message: 20:57:55.025: JS LOG: [LookingGlass/info] Adding systray: pamac-tray (24x24px)
Gjs-Message: 20:57:55.026: JS LOG: [LookingGlass/info] Hiding systray: network

** (csd-power:707): CRITICAL **: 20:57:55.054: abs_to_percentage: assertion 'max > min' failed
Gjs-Message: 20:57:55.065: JS LOG: Unknown network device type, is 14
Gjs-Message: 20:58:56.216: JS LOG: [LookingGlass/error] Calendar applet: bad time format string - check your string.
Gjs-Message: 20:58:56.217: JS LOG: [LookingGlass/error] Calendar applet: bad time format string - check your string.
Gjs-Message: 21:00:02.185: JS LOG: [LookingGlass/info] Adding systray: pamac-tray (24x24px)
Gjs-Message: 21:00:02.186: JS LOG: [LookingGlass/info] Hiding systray: network

** (cinnamon:1047): WARNING **: 21:00:22.382: cinnamon_app_create_icon_texture: MetaWindow 0x557e366dc9f0 provided that does not match App 0x557e36f46800
Gjs-Message: 21:06:56.260: JS LOG: [LookingGlass/info] Adding systray: xfce4-clipman (1x1px)
